sample.interval=20000
".local" "initialize" "initialize" "new" 
".local" "initialize" "initialize" "new" 
".local" "initialize" "initialize" "new" 
".local" "initialize" "initialize" "new" 
".local" "initialize" "initialize" "new" 
".local" "initialize" "initialize" "new" 
".local" "initialize" "initialize" "new" 
".local" "initialize" "initialize" "new" 
".local" "initialize" "initialize" "new" 
"names<-" ".local" "initialize" "initialize" "new" 
"names<-" ".local" "initialize" "initialize" "new" 
"formatC" "paste" ".local" "initialize" "initialize" "new" 
"paste" ".local" "initialize" "initialize" "new" 
"paste" ".local" "initialize" "initialize" "new" 
"paste" ".local" "initialize" "initialize" "new" 
"paste" ".local" "initialize" "initialize" "new" 
"paste" ".local" "initialize" "initialize" "new" 
"paste" ".local" "initialize" "initialize" "new" 
"paste" ".local" "initialize" "initialize" "new" 
"paste" ".local" "initialize" "initialize" "new" 
"paste" ".local" "initialize" "initialize" "new" 
"paste" ".local" "initialize" "initialize" "new" 
"paste" ".local" "initialize" "initialize" "new" 
"paste" ".local" "initialize" "initialize" "new" 
"paste" ".local" "initialize" "initialize" "new" 
"paste" ".local" "initialize" "initialize" "new" 
"paste" ".local" "initialize" "initialize" "new" 
"paste" ".local" "initialize" "initialize" "new" 
"paste" ".local" "initialize" "initialize" "new" 
"paste" ".local" "initialize" "initialize" "new" 
"paste" ".local" "initialize" "initialize" "new" 
"paste" ".local" "initialize" "initialize" "new" 
"paste" ".local" "initialize" "initialize" "new" 
"paste" ".local" "initialize" "initialize" "new" 
"paste" ".local" "initialize" "initialize" "new" 
"paste" ".local" "initialize" "initialize" "new" 
"paste" ".local" "initialize" "initialize" "new" 
"paste" ".local" "initialize" "initialize" "new" 
"paste" ".local" "initialize" "initialize" "new" 
"paste" ".local" "initialize" "initialize" "new" 
"paste" ".local" "initialize" "initialize" "new" 
"paste" ".local" "initialize" "initialize" "new" 
"paste" ".local" "initialize" "initialize" "new" 
"paste" ".local" "initialize" "initialize" "new" 
"paste" ".local" "initialize" "initialize" "new" 
"paste" ".local" "initialize" "initialize" "new" 
"paste" ".local" "initialize" "initialize" "new" 
"paste" ".local" "initialize" "initialize" "new" 
"paste" ".local" "initialize" "initialize" "new" 
"paste" ".local" "initialize" "initialize" "new" 
"paste" ".local" "initialize" "initialize" "new" 
"paste" ".local" "initialize" "initialize" "new" 
"paste" ".local" "initialize" "initialize" "new" 
"paste" ".local" "initialize" "initialize" "new" 
"paste" ".local" "initialize" "initialize" "new" 
"paste" ".local" "initialize" "initialize" "new" 
"paste" ".local" "initialize" "initialize" "new" 
"paste" ".local" "initialize" "initialize" "new" 
"paste" ".local" "initialize" "initialize" "new" 
"paste" ".local" "initialize" "initialize" "new" 
"paste" ".local" "initialize" "initialize" "new" 
"paste" ".local" "initialize" "initialize" "new" 
"paste" ".local" "initialize" "initialize" "new" 
"paste" ".local" "initialize" "initialize" "new" 
"paste" ".local" "initialize" "initialize" "new" 
"paste" ".local" "initialize" "initialize" "new" 
"paste" ".local" "initialize" "initialize" "new" 
"paste" ".local" "initialize" "initialize" "new" 
"paste" ".local" "initialize" "initialize" "new" 
"paste" ".local" "initialize" "initialize" "new" 
"paste" ".local" "initialize" "initialize" "new" 
"paste" ".local" "initialize" "initialize" "new" 
"paste" ".local" "initialize" "initialize" "new" 
"paste" ".local" "initialize" "initialize" "new" 
"paste" ".local" "initialize" "initialize" "new" 
"paste" ".local" "initialize" "initialize" "new" 
"paste" ".local" "initialize" "initialize" "new" 
"paste" ".local" "initialize" "initialize" "new" 
"paste" ".local" "initialize" "initialize" "new" 
"paste" ".local" "initialize" "initialize" "new" 
"paste" ".local" "initialize" "initialize" "new" 
"paste" ".local" "initialize" "initialize" "new" 
"paste" ".local" "initialize" "initialize" "new" 
"paste" ".local" "initialize" "initialize" "new" 
"paste" ".local" "initialize" "initialize" "new" 
"paste" ".local" "initialize" "initialize" "new" 
"paste" ".local" "initialize" "initialize" "new" 
"paste" ".local" "initialize" "initialize" "new" 
"paste" ".local" "initialize" "initialize" "new" 
"paste" ".local" "initialize" "initialize" "new" 
"paste" ".local" "initialize" "initialize" "new" 
"paste" ".local" "initialize" "initialize" "new" 
"paste" ".local" "initialize" "initialize" "new" 
"paste" ".local" "initialize" "initialize" "new" 
"paste" ".local" "initialize" "initialize" "new" 
"paste" ".local" "initialize" "initialize" "new" 
"paste" ".local" "initialize" "initialize" "new" 
"paste" ".local" "initialize" "initialize" "new" 
"paste" ".local" "initialize" "initialize" "new" 
"paste" ".local" "initialize" "initialize" "new" 
"paste" ".local" "initialize" "initialize" "new" 
"paste" ".local" "initialize" "initialize" "new" 
"paste" ".local" "initialize" "initialize" "new" 
"paste" ".local" "initialize" "initialize" "new" 
"paste" ".local" "initialize" "initialize" "new" 
"paste" ".local" "initialize" "initialize" "new" 
"paste" ".local" "initialize" "initialize" "new" 
"paste" ".local" "initialize" "initialize" "new" 
"paste" ".local" "initialize" "initialize" "new" 
"paste" ".local" "initialize" "initialize" "new" 
"paste" ".local" "initialize" "initialize" "new" 
"paste" ".local" "initialize" "initialize" "new" 
"paste" ".local" "initialize" "initialize" "new" 
"paste" ".local" "initialize" "initialize" "new" 
"paste" ".local" "initialize" "initialize" "new" 
"paste" ".local" "initialize" "initialize" "new" 
"paste" ".local" "initialize" "initialize" "new" 
"paste" ".local" "initialize" "initialize" "new" 
"paste" ".local" "initialize" "initialize" "new" 
"paste" ".local" "initialize" "initialize" "new" 
"paste" ".local" "initialize" "initialize" "new" 
"paste" ".local" "initialize" "initialize" "new" 
"paste" ".local" "initialize" "initialize" "new" 
"paste" ".local" "initialize" "initialize" "new" 
"paste" ".local" "initialize" "initialize" "new" 
"paste" ".local" "initialize" "initialize" "new" 
"paste" ".local" "initialize" "initialize" "new" 
"paste" ".local" "initialize" "initialize" "new" 
"paste" ".local" "initialize" "initialize" "new" 
"paste" ".local" "initialize" "initialize" "new" 
"paste" ".local" "initialize" "initialize" "new" 
"paste" ".local" "initialize" "initialize" "new" 
"paste" ".local" "initialize" "initialize" "new" 
"paste" ".local" "initialize" "initialize" "new" 
"paste" ".local" "initialize" "initialize" "new" 
"paste" ".local" "initialize" "initialize" "new" 
"paste" ".local" "initialize" "initialize" "new" 
"paste" ".local" "initialize" "initialize" "new" 
"paste" ".local" "initialize" "initialize" "new" 
"paste" ".local" "initialize" "initialize" "new" 
"paste" ".local" "initialize" "initialize" "new" 
"paste" ".local" "initialize" "initialize" "new" 
"paste" ".local" "initialize" "initialize" "new" 
"paste" ".local" "initialize" "initialize" "new" 
"paste" ".local" "initialize" "initialize" "new" 
"paste" ".local" "initialize" "initialize" "new" 
"paste" ".local" "initialize" "initialize" "new" 
"paste" ".local" "initialize" "initialize" "new" 
"paste" ".local" "initialize" "initialize" "new" 
"paste" ".local" "initialize" "initialize" "new" 
"paste" ".local" "initialize" "initialize" "new" 
"paste" ".local" "initialize" "initialize" "new" 
"paste" ".local" "initialize" "initialize" "new" 
"paste" ".local" "initialize" "initialize" "new" 
"paste" ".local" "initialize" "initialize" "new" 
"paste" ".local" "initialize" "initialize" "new" 
"paste" ".local" "initialize" "initialize" "new" 
"paste" ".local" "initialize" "initialize" "new" 
"paste" ".local" "initialize" "initialize" "new" 
"paste" ".local" "initialize" "initialize" "new" 
"paste" ".local" "initialize" "initialize" "new" 
"paste" ".local" "initialize" "initialize" "new" 
"paste" ".local" "initialize" "initialize" "new" 
"paste" ".local" "initialize" "initialize" "new" 
"paste" ".local" "initialize" "initialize" "new" 
"paste" ".local" "initialize" "initialize" "new" 
"paste" ".local" "initialize" "initialize" "new" 
"paste" ".local" "initialize" "initialize" "new" 
"paste" ".local" "initialize" "initialize" "new" 
"paste" ".local" "initialize" "initialize" "new" 
"paste" ".local" "initialize" "initialize" "new" 
"paste" ".local" "initialize" "initialize" "new" 
"paste" ".local" "initialize" "initialize" "new" 
"paste" ".local" "initialize" "initialize" "new" 
"paste" ".local" "initialize" "initialize" "new" 
"paste" ".local" "initialize" "initialize" "new" 
"paste" ".local" "initialize" "initialize" "new" 
"paste" ".local" "initialize" "initialize" "new" 
"paste" ".local" "initialize" "initialize" "new" 
"paste" ".local" "initialize" "initialize" "new" 
"paste" ".local" "initialize" "initialize" "new" 
"paste" ".local" "initialize" "initialize" "new" 
"paste" ".local" "initialize" "initialize" "new" 
"paste" ".local" "initialize" "initialize" "new" 
"paste" ".local" "initialize" "initialize" "new" 
"paste" ".local" "initialize" "initialize" "new" 
"paste" ".local" "initialize" "initialize" "new" 
"paste" ".local" "initialize" "initialize" "new" 
"paste" ".local" "initialize" "initialize" "new" 
"paste" ".local" "initialize" "initialize" "new" 
"paste" ".local" "initialize" "initialize" "new" 
"paste" ".local" "initialize" "initialize" "new" 
"paste" ".local" "initialize" "initialize" "new" 
"paste" ".local" "initialize" "initialize" "new" 
"paste" ".local" "initialize" "initialize" "new" 
"paste" ".local" "initialize" "initialize" "new" 
"paste" ".local" "initialize" "initialize" "new" 
"paste" ".local" "initialize" "initialize" "new" 
"paste" ".local" "initialize" "initialize" "new" 
"paste" ".local" "initialize" "initialize" "new" 
"paste" ".local" "initialize" "initialize" "new" 
"paste" ".local" "initialize" "initialize" "new" 
"paste" ".local" "initialize" "initialize" "new" 
"paste" ".local" "initialize" "initialize" "new" 
"paste" ".local" "initialize" "initialize" "new" 
"paste" ".local" "initialize" "initialize" "new" 
"paste" ".local" "initialize" "initialize" "new" 
"paste" ".local" "initialize" "initialize" "new" 
"paste" ".local" "initialize" "initialize" "new" 
"paste" ".local" "initialize" "initialize" "new" 
"paste" ".local" "initialize" "initialize" "new" 
"paste" ".local" "initialize" "initialize" "new" 
"paste" ".local" "initialize" "initialize" "new" 
"paste" ".local" "initialize" "initialize" "new" 
"paste" ".local" "initialize" "initialize" "new" 
"paste" ".local" "initialize" "initialize" "new" 
".local" "initialize" "initialize" "new" 
".local" "initialize" "initialize" "new" 
".local" "initialize" "initialize" "new" 
".local" "initialize" "initialize" "new" 
".local" "initialize" "initialize" "new" 
".local" "initialize" "initialize" "new" 
".local" "initialize" "initialize" "new" 
".local" "initialize" "initialize" "new" 
".local" "initialize" "initialize" "new" 
".local" "initialize" "initialize" "new" 
".local" "initialize" "initialize" "new" 
".local" "initialize" "initialize" "new" 
".local" "initialize" "initialize" "new" 
".local" "initialize" "initialize" "new" 
".local" "initialize" "initialize" "new" 
".local" "initialize" "initialize" "new" 
".local" "initialize" "initialize" "new" 
".local" "initialize" "initialize" "new" 
".local" "initialize" "initialize" "new" 
".local" "initialize" "initialize" "new" 
".local" "initialize" "initialize" "new" 
".local" "initialize" "initialize" "new" 
".local" "initialize" "initialize" "new" 
".local" "initialize" "initialize" "new" 
"paste" ".local" "initialize" "initialize" "new" 
"paste" ".local" "initialize" "initialize" "new" 
"paste" ".local" "initialize" "initialize" "new" 
"paste" ".local" "initialize" "initialize" "new" 
"paste" ".local" "initialize" "initialize" "new" 
"paste" ".local" "initialize" "initialize" "new" 
"paste" ".local" "initialize" "initialize" "new" 
"paste" ".local" "initialize" "initialize" "new" 
"paste" ".local" "initialize" "initialize" "new" 
"paste" ".local" "initialize" "initialize" "new" 
"paste" ".local" "initialize" "initialize" "new" 
"paste" ".local" "initialize" "initialize" "new" 
"paste" ".local" "initialize" "initialize" "new" 
"paste" ".local" "initialize" "initialize" "new" 
"paste" ".local" "initialize" "initialize" "new" 
"paste" ".local" "initialize" "initialize" "new" 
"paste" ".local" "initialize" "initialize" "new" 
"paste" ".local" "initialize" "initialize" "new" 
"paste" ".local" "initialize" "initialize" "new" 
"paste" ".local" "initialize" "initialize" "new" 
"paste" ".local" "initialize" "initialize" "new" 
"paste" ".local" "initialize" "initialize" "new" 
"paste" ".local" "initialize" "initialize" "new" 
"paste" ".local" "initialize" "initialize" "new" 
"paste" ".local" "initialize" "initialize" "new" 
"paste" ".local" "initialize" "initialize" "new" 
"paste" ".local" "initialize" "initialize" "new" 
"paste" ".local" "initialize" "initialize" "new" 
"paste" ".local" "initialize" "initialize" "new" 
"paste" ".local" "initialize" "initialize" "new" 
"paste" ".local" "initialize" "initialize" "new" 
"paste" ".local" "initialize" "initialize" "new" 
"paste" ".local" "initialize" "initialize" "new" 
"paste" ".local" "initialize" "initialize" "new" 
"paste" ".local" "initialize" "initialize" "new" 
"paste" ".local" "initialize" "initialize" "new" 
"paste" ".local" "initialize" "initialize" "new" 
"paste" ".local" "initialize" "initialize" "new" 
"paste" ".local" "initialize" "initialize" "new" 
"paste" ".local" "initialize" "initialize" "new" 
"paste" ".local" "initialize" "initialize" "new" 
"paste" ".local" "initialize" "initialize" "new" 
"paste" ".local" "initialize" "initialize" "new" 
"paste" ".local" "initialize" "initialize" "new" 
"paste" ".local" "initialize" "initialize" "new" 
"paste" ".local" "initialize" "initialize" "new" 
"paste" ".local" "initialize" "initialize" "new" 
"paste" ".local" "initialize" "initialize" "new" 
"paste" ".local" "initialize" "initialize" "new" 
"paste" ".local" "initialize" "initialize" "new" 
"paste" ".local" "initialize" "initialize" "new" 
"paste" ".local" "initialize" "initialize" "new" 
"paste" ".local" "initialize" "initialize" "new" 
"paste" ".local" "initialize" "initialize" "new" 
"paste" ".local" "initialize" "initialize" "new" 
"paste" ".local" "initialize" "initialize" "new" 
"paste" ".local" "initialize" "initialize" "new" 
"paste" ".local" "initialize" "initialize" "new" 
"paste" ".local" "initialize" "initialize" "new" 
"paste" ".local" "initialize" "initialize" "new" 
"paste" ".local" "initialize" "initialize" "new" 
"paste" ".local" "initialize" "initialize" "new" 
"paste" ".local" "initialize" "initialize" "new" 
"paste" ".local" "initialize" "initialize" "new" 
"paste" ".local" "initialize" "initialize" "new" 
"paste" ".local" "initialize" "initialize" "new" 
"paste" ".local" "initialize" "initialize" "new" 
"paste" ".local" "initialize" "initialize" "new" 
"paste" ".local" "initialize" "initialize" "new" 
"paste" ".local" "initialize" "initialize" "new" 
"paste" ".local" "initialize" "initialize" "new" 
"paste" ".local" "initialize" "initialize" "new" 
"paste" ".local" "initialize" "initialize" "new" 
"paste" ".local" "initialize" "initialize" "new" 
"paste" ".local" "initialize" "initialize" "new" 
"paste" ".local" "initialize" "initialize" "new" 
"paste" ".local" "initialize" "initialize" "new" 
"paste" ".local" "initialize" "initialize" "new" 
"paste" ".local" "initialize" "initialize" "new" 
"paste" ".local" "initialize" "initialize" "new" 
"paste" ".local" "initialize" "initialize" "new" 
"paste" ".local" "initialize" "initialize" "new" 
"paste" ".local" "initialize" "initialize" "new" 
"paste" ".local" "initialize" "initialize" "new" 
"paste" ".local" "initialize" "initialize" "new" 
"paste" ".local" "initialize" "initialize" "new" 
"paste" ".local" "initialize" "initialize" "new" 
"paste" ".local" "initialize" "initialize" "new" 
"paste" ".local" "initialize" "initialize" "new" 
"paste" ".local" "initialize" "initialize" "new" 
"paste" ".local" "initialize" "initialize" "new" 
"paste" ".local" "initialize" "initialize" "new" 
"paste" ".local" "initialize" "initialize" "new" 
"paste" ".local" "initialize" "initialize" "new" 
"paste" ".local" "initialize" "initialize" "new" 
"paste" ".local" "initialize" "initialize" "new" 
"paste" ".local" "initialize" "initialize" "new" 
"paste" ".local" "initialize" "initialize" "new" 
"paste" ".local" "initialize" "initialize" "new" 
"paste" ".local" "initialize" "initialize" "new" 
"paste" ".local" "initialize" "initialize" "new" 
"paste" ".local" "initialize" "initialize" "new" 
"paste" ".local" "initialize" "initialize" "new" 
"paste" ".local" "initialize" "initialize" "new" 
"paste" ".local" "initialize" "initialize" "new" 
"paste" ".local" "initialize" "initialize" "new" 
"paste" ".local" "initialize" "initialize" "new" 
"paste" ".local" "initialize" "initialize" "new" 
"paste" ".local" "initialize" "initialize" "new" 
"paste" ".local" "initialize" "initialize" "new" 
"paste" ".local" "initialize" "initialize" "new" 
"paste" ".local" "initialize" "initialize" "new" 
"paste" ".local" "initialize" "initialize" "new" 
"paste" ".local" "initialize" "initialize" "new" 
"paste" ".local" "initialize" "initialize" "new" 
"paste" ".local" "initialize" "initialize" "new" 
"paste" ".local" "initialize" "initialize" "new" 
"paste" ".local" "initialize" "initialize" "new" 
"paste" ".local" "initialize" "initialize" "new" 
"paste" ".local" "initialize" "initialize" "new" 
"paste" ".local" "initialize" "initialize" "new" 
"paste" ".local" "initialize" "initialize" "new" 
"paste" ".local" "initialize" "initialize" "new" 
"paste" ".local" "initialize" "initialize" "new" 
"paste" ".local" "initialize" "initialize" "new" 
"paste" ".local" "initialize" "initialize" "new" 
"paste" ".local" "initialize" "initialize" "new" 
"paste" ".local" "initialize" "initialize" "new" 
"paste" ".local" "initialize" "initialize" "new" 
"paste" ".local" "initialize" "initialize" "new" 
"paste" ".local" "initialize" "initialize" "new" 
"paste" ".local" "initialize" "initialize" "new" 
"paste" ".local" "initialize" "initialize" "new" 
"paste" ".local" "initialize" "initialize" "new" 
"paste" ".local" "initialize" "initialize" "new" 
"paste" ".local" "initialize" "initialize" "new" 
"paste" ".local" "initialize" "initialize" "new" 
"paste" ".local" "initialize" "initialize" "new" 
"paste" ".local" "initialize" "initialize" "new" 
"paste" ".local" "initialize" "initialize" "new" 
"paste" ".local" "initialize" "initialize" "new" 
"paste" ".local" "initialize" "initialize" "new" 
"paste" ".local" "initialize" "initialize" "new" 
"paste" ".local" "initialize" "initialize" "new" 
"paste" ".local" "initialize" "initialize" "new" 
"paste" ".local" "initialize" "initialize" "new" 
"paste" ".local" "initialize" "initialize" "new" 
"paste" ".local" "initialize" "initialize" "new" 
"paste" ".local" "initialize" "initialize" "new" 
"paste" ".local" "initialize" "initialize" "new" 
"paste" ".local" "initialize" "initialize" "new" 
"paste" ".local" "initialize" "initialize" "new" 
"paste" ".local" "initialize" "initialize" "new" 
"paste" ".local" "initialize" "initialize" "new" 
"paste" ".local" "initialize" "initialize" "new" 
"paste" ".local" "initialize" "initialize" "new" 
"paste" ".local" "initialize" "initialize" "new" 
"paste" ".local" "initialize" "initialize" "new" 
"paste" ".local" "initialize" "initialize" "new" 
"paste" ".local" "initialize" "initialize" "new" 
"paste" ".local" "initialize" "initialize" "new" 
"paste" ".local" "initialize" "initialize" "new" 
"paste" ".local" "initialize" "initialize" "new" 
"paste" ".local" "initialize" "initialize" "new" 
"paste" ".local" "initialize" "initialize" "new" 
"paste" ".local" "initialize" "initialize" "new" 
"paste" ".local" "initialize" "initialize" "new" 
"paste" ".local" "initialize" "initialize" "new" 
"paste" ".local" "initialize" "initialize" "new" 
"paste" ".local" "initialize" "initialize" "new" 
"paste" ".local" "initialize" "initialize" "new" 
"paste" ".local" "initialize" "initialize" "new" 
"paste" ".local" "initialize" "initialize" "new" 
"paste" ".local" "initialize" "initialize" "new" 
"paste" ".local" "initialize" "initialize" "new" 
"paste" ".local" "initialize" "initialize" "new" 
"paste" ".local" "initialize" "initialize" "new" 
"paste" ".local" "initialize" "initialize" "new" 
"paste" ".local" "initialize" "initialize" "new" 
"paste" ".local" "initialize" "initialize" "new" 
"paste" ".local" "initialize" "initialize" "new" 
"paste" ".local" "initialize" "initialize" "new" 
"paste" ".local" "initialize" "initialize" "new" 
"paste" ".local" "initialize" "initialize" "new" 
"paste" ".local" "initialize" "initialize" "new" 
"paste" ".local" "initialize" "initialize" "new" 
"paste" ".local" "initialize" "initialize" "new" 
"paste" ".local" "initialize" "initialize" "new" 
"paste" ".local" "initialize" "initialize" "new" 
"paste" ".local" "initialize" "initialize" "new" 
"paste" ".local" "initialize" "initialize" "new" 
"paste" ".local" "initialize" "initialize" "new" 
"paste" ".local" "initialize" "initialize" "new" 
"paste" ".local" "initialize" "initialize" "new" 
"paste" ".local" "initialize" "initialize" "new" 
"paste" ".local" "initialize" "initialize" "new" 
"paste" ".local" "initialize" "initialize" "new" 
"paste" ".local" "initialize" "initialize" "new" 
"paste" ".local" "initialize" "initialize" "new" 
"paste" ".local" "initialize" "initialize" "new" 
"paste" ".local" "initialize" "initialize" "new" 
"paste" ".local" "initialize" "initialize" "new" 
"paste" ".local" "initialize" "initialize" "new" 
"paste" ".local" "initialize" "initialize" "new" 
"paste" ".local" "initialize" "initialize" "new" 
"paste" ".local" "initialize" "initialize" "new" 
"paste" ".local" "initialize" "initialize" "new" 
"paste" ".local" "initialize" "initialize" "new" 
"paste" ".local" "initialize" "initialize" "new" 
"paste" ".local" "initialize" "initialize" "new" 
"paste" ".local" "initialize" "initialize" "new" 
"paste" ".local" "initialize" "initialize" "new" 
"paste" ".local" "initialize" "initialize" "new" 
"paste" ".local" "initialize" "initialize" "new" 
"paste" ".local" "initialize" "initialize" "new" 
"paste" ".local" "initialize" "initialize" "new" 
"paste" ".local" "initialize" "initialize" "new" 
"paste" ".local" "initialize" "initialize" "new" 
"paste" ".local" "initialize" "initialize" "new" 
"paste" ".local" "initialize" "initialize" "new" 
"paste" ".local" "initialize" "initialize" "new" 
"paste" ".local" "initialize" "initialize" "new" 
"paste" ".local" "initialize" "initialize" "new" 
"paste" ".local" "initialize" "initialize" "new" 
"paste" ".local" "initialize" "initialize" "new" 
"paste" ".local" "initialize" "initialize" "new" 
"paste" ".local" "initialize" "initialize" "new" 
"paste" ".local" "initialize" "initialize" "new" 
"paste" ".local" "initialize" "initialize" "new" 
"paste" ".local" "initialize" "initialize" "new" 
"paste" ".local" "initialize" "initialize" "new" 
"paste" ".local" "initialize" "initialize" "new" 
"paste" ".local" "initialize" "initialize" "new" 
"paste" ".local" "initialize" "initialize" "new" 
"paste" ".local" "initialize" "initialize" "new" 
"paste" ".local" "initialize" "initialize" "new" 
"paste" ".local" "initialize" "initialize" "new" 
"paste" ".local" "initialize" "initialize" "new" 
"paste" ".local" "initialize" "initialize" "new" 
"paste" ".local" "initialize" "initialize" "new" 
"paste" ".local" "initialize" "initialize" "new" 
"paste" ".local" "initialize" "initialize" "new" 
"paste" ".local" "initialize" "initialize" "new" 
"paste" ".local" "initialize" "initialize" "new" 
"paste" ".local" "initialize" "initialize" "new" 
"paste" ".local" "initialize" "initialize" "new" 
"paste" ".local" "initialize" "initialize" "new" 
"paste" ".local" "initialize" "initialize" "new" 
"paste" ".local" "initialize" "initialize" "new" 
"paste" ".local" "initialize" "initialize" "new" 
"paste" ".local" "initialize" "initialize" "new" 
"paste" ".local" "initialize" "initialize" "new" 
"paste" ".local" "initialize" "initialize" "new" 
"paste" ".local" "initialize" "initialize" "new" 
"paste" ".local" "initialize" "initialize" "new" 
"paste" ".local" "initialize" "initialize" "new" 
"paste" ".local" "initialize" "initialize" "new" 
"paste" ".local" "initialize" "initialize" "new" 
"paste" ".local" "initialize" "initialize" "new" 
"paste" ".local" "initialize" "initialize" "new" 
"paste" ".local" "initialize" "initialize" "new" 
"paste" ".local" "initialize" "initialize" "new" 
"paste" ".local" "initialize" "initialize" "new" 
"paste" ".local" "initialize" "initialize" "new" 
"paste" ".local" "initialize" "initialize" "new" 
"paste" ".local" "initialize" "initialize" "new" 
"paste" ".local" "initialize" "initialize" "new" 
"paste" ".local" "initialize" "initialize" "new" 
"paste" ".local" "initialize" "initialize" "new" 
"paste" ".local" "initialize" "initialize" "new" 
"paste" ".local" "initialize" "initialize" "new" 
"paste" ".local" "initialize" "initialize" "new" 
"paste" ".local" "initialize" "initialize" "new" 
"paste" ".local" "initialize" "initialize" "new" 
"paste" ".local" "initialize" "initialize" "new" 
"paste" ".local" "initialize" "initialize" "new" 
"paste" ".local" "initialize" "initialize" "new" 
"paste" ".local" "initialize" "initialize" "new" 
"structure" "[.data.frame" "[" "t" "as.vector" ".local" "initialize" "initialize" "new" 
"structure" "[.data.frame" "[" "t" "as.vector" ".local" "initialize" "initialize" "new" 
"structure" "[.data.frame" "[" "t" "as.vector" ".local" "initialize" "initialize" "new" 
"structure" "[.data.frame" "[" "t" "as.vector" ".local" "initialize" "initialize" "new" 
"structure" "[.data.frame" "[" "t" "as.vector" ".local" "initialize" "initialize" "new" 
"structure" "[.data.frame" "[" "t" "as.vector" ".local" "initialize" "initialize" "new" 
"structure" "[.data.frame" "[" "t" "as.vector" ".local" "initialize" "initialize" "new" 
"structure" "[.data.frame" "[" "t" "as.vector" ".local" "initialize" "initialize" "new" 
"structure" "[.data.frame" "[" "t" "as.vector" ".local" "initialize" "initialize" "new" 
"structure" "[.data.frame" "[" "t" "as.vector" ".local" "initialize" "initialize" "new" 
"structure" "[.data.frame" "[" "t" "as.vector" ".local" "initialize" "initialize" "new" 
"structure" "[.data.frame" "[" "t" "as.vector" ".local" "initialize" "initialize" "new" 
"structure" "[.data.frame" "[" "t" "as.vector" ".local" "initialize" "initialize" "new" 
"structure" "[.data.frame" "[" "t" "as.vector" ".local" "initialize" "initialize" "new" 
"structure" "[.data.frame" "[" "t" "as.vector" ".local" "initialize" "initialize" "new" 
"structure" "[.data.frame" "[" "t" "as.vector" ".local" "initialize" "initialize" "new" 
"structure" "[.data.frame" "[" "t" "as.vector" ".local" "initialize" "initialize" "new" 
"structure" "[.data.frame" "[" "t" "as.vector" ".local" "initialize" "initialize" "new" 
"structure" "[.data.frame" "[" "t" "as.vector" ".local" "initialize" "initialize" "new" 
"structure" "[.data.frame" "[" "t" "as.vector" ".local" "initialize" "initialize" "new" 
"structure" "[.data.frame" "[" "t" "as.vector" ".local" "initialize" "initialize" "new" 
"structure" "[.data.frame" "[" "t" "as.vector" ".local" "initialize" "initialize" "new" 
"structure" "[.data.frame" "[" "t" "as.vector" ".local" "initialize" "initialize" "new" 
"row.names.data.frame" "row.names" "as.matrix.data.frame" "as.matrix" "t.data.frame" "t" "as.vector" ".local" "initialize" "initialize" "new" 
"row.names.data.frame" "row.names" "as.matrix.data.frame" "as.matrix" "t.data.frame" "t" "as.vector" ".local" "initialize" "initialize" "new" 
"row.names.data.frame" "row.names" "as.matrix.data.frame" "as.matrix" "t.data.frame" "t" "as.vector" ".local" "initialize" "initialize" "new" 
"row.names.data.frame" "row.names" "as.matrix.data.frame" "as.matrix" "t.data.frame" "t" "as.vector" ".local" "initialize" "initialize" "new" 
"row.names.data.frame" "row.names" "as.matrix.data.frame" "as.matrix" "t.data.frame" "t" "as.vector" ".local" "initialize" "initialize" "new" 
"row.names.data.frame" "row.names" "as.matrix.data.frame" "as.matrix" "t.data.frame" "t" "as.vector" ".local" "initialize" "initialize" "new" 
"row.names.data.frame" "row.names" "as.matrix.data.frame" "as.matrix" "t.data.frame" "t" "as.vector" ".local" "initialize" "initialize" "new" 
"row.names.data.frame" "row.names" "as.matrix.data.frame" "as.matrix" "t.data.frame" "t" "as.vector" ".local" "initialize" "initialize" "new" 
"row.names.data.frame" "row.names" "as.matrix.data.frame" "as.matrix" "t.data.frame" "t" "as.vector" ".local" "initialize" "initialize" "new" 
"row.names.data.frame" "row.names" "as.matrix.data.frame" "as.matrix" "t.data.frame" "t" "as.vector" ".local" "initialize" "initialize" "new" 
"row.names.data.frame" "row.names" "as.matrix.data.frame" "as.matrix" "t.data.frame" "t" "as.vector" ".local" "initialize" "initialize" "new" 
"row.names.data.frame" "row.names" "as.matrix.data.frame" "as.matrix" "t.data.frame" "t" "as.vector" ".local" "initialize" "initialize" "new" 
"row.names.data.frame" "row.names" "as.matrix.data.frame" "as.matrix" "t.data.frame" "t" "as.vector" ".local" "initialize" "initialize" "new" 
"row.names.data.frame" "row.names" "as.matrix.data.frame" "as.matrix" "t.data.frame" "t" "as.vector" ".local" "initialize" "initialize" "new" 
"row.names.data.frame" "row.names" "as.matrix.data.frame" "as.matrix" "t.data.frame" "t" "as.vector" ".local" "initialize" "initialize" "new" 
"row.names.data.frame" "row.names" "as.matrix.data.frame" "as.matrix" "t.data.frame" "t" "as.vector" ".local" "initialize" "initialize" "new" 
"row.names.data.frame" "row.names" "as.matrix.data.frame" "as.matrix" "t.data.frame" "t" "as.vector" ".local" "initialize" "initialize" "new" 
"row.names.data.frame" "row.names" "as.matrix.data.frame" "as.matrix" "t.data.frame" "t" "as.vector" ".local" "initialize" "initialize" "new" 
"row.names.data.frame" "row.names" "as.matrix.data.frame" "as.matrix" "t.data.frame" "t" "as.vector" ".local" "initialize" "initialize" "new" 
"row.names.data.frame" "row.names" "as.matrix.data.frame" "as.matrix" "t.data.frame" "t" "as.vector" ".local" "initialize" "initialize" "new" 
"row.names.data.frame" "row.names" "as.matrix.data.frame" "as.matrix" "t.data.frame" "t" "as.vector" ".local" "initialize" "initialize" "new" 
"row.names.data.frame" "row.names" "as.matrix.data.frame" "as.matrix" "t.data.frame" "t" "as.vector" ".local" "initialize" "initialize" "new" 
"row.names.data.frame" "row.names" "as.matrix.data.frame" "as.matrix" "t.data.frame" "t" "as.vector" ".local" "initialize" "initialize" "new" 
"row.names.data.frame" "row.names" "as.matrix.data.frame" "as.matrix" "t.data.frame" "t" "as.vector" ".local" "initialize" "initialize" "new" 
"row.names.data.frame" "row.names" "as.matrix.data.frame" "as.matrix" "t.data.frame" "t" "as.vector" ".local" "initialize" "initialize" "new" 
"row.names.data.frame" "row.names" "as.matrix.data.frame" "as.matrix" "t.data.frame" "t" "as.vector" ".local" "initialize" "initialize" "new" 
"row.names.data.frame" "row.names" "as.matrix.data.frame" "as.matrix" "t.data.frame" "t" "as.vector" ".local" "initialize" "initialize" "new" 
"row.names.data.frame" "row.names" "as.matrix.data.frame" "as.matrix" "t.data.frame" "t" "as.vector" ".local" "initialize" "initialize" "new" 
"row.names.data.frame" "row.names" "as.matrix.data.frame" "as.matrix" "t.data.frame" "t" "as.vector" ".local" "initialize" "initialize" "new" 
"row.names.data.frame" "row.names" "as.matrix.data.frame" "as.matrix" "t.data.frame" "t" "as.vector" ".local" "initialize" "initialize" "new" 
"row.names.data.frame" "row.names" "as.matrix.data.frame" "as.matrix" "t.data.frame" "t" "as.vector" ".local" "initialize" "initialize" "new" 
"row.names.data.frame" "row.names" "as.matrix.data.frame" "as.matrix" "t.data.frame" "t" "as.vector" ".local" "initialize" "initialize" "new" 
"row.names.data.frame" "row.names" "as.matrix.data.frame" "as.matrix" "t.data.frame" "t" "as.vector" ".local" "initialize" "initialize" "new" 
"row.names.data.frame" "row.names" "as.matrix.data.frame" "as.matrix" "t.data.frame" "t" "as.vector" ".local" "initialize" "initialize" "new" 
"row.names.data.frame" "row.names" "as.matrix.data.frame" "as.matrix" "t.data.frame" "t" "as.vector" ".local" "initialize" "initialize" "new" 
"row.names.data.frame" "row.names" "as.matrix.data.frame" "as.matrix" "t.data.frame" "t" "as.vector" ".local" "initialize" "initialize" "new" 
"row.names.data.frame" "row.names" "as.matrix.data.frame" "as.matrix" "t.data.frame" "t" "as.vector" ".local" "initialize" "initialize" "new" 
"row.names.data.frame" "row.names" "as.matrix.data.frame" "as.matrix" "t.data.frame" "t" "as.vector" ".local" "initialize" "initialize" "new" 
"row.names.data.frame" "row.names" "as.matrix.data.frame" "as.matrix" "t.data.frame" "t" "as.vector" ".local" "initialize" "initialize" "new" 
"row.names.data.frame" "row.names" "as.matrix.data.frame" "as.matrix" "t.data.frame" "t" "as.vector" ".local" "initialize" "initialize" "new" 
"row.names.data.frame" "row.names" "as.matrix.data.frame" "as.matrix" "t.data.frame" "t" "as.vector" ".local" "initialize" "initialize" "new" 
"row.names.data.frame" "row.names" "as.matrix.data.frame" "as.matrix" "t.data.frame" "t" "as.vector" ".local" "initialize" "initialize" "new" 
"row.names.data.frame" "row.names" "as.matrix.data.frame" "as.matrix" "t.data.frame" "t" "as.vector" ".local" "initialize" "initialize" "new" 
"row.names.data.frame" "row.names" "as.matrix.data.frame" "as.matrix" "t.data.frame" "t" "as.vector" ".local" "initialize" "initialize" "new" 
"row.names.data.frame" "row.names" "as.matrix.data.frame" "as.matrix" "t.data.frame" "t" "as.vector" ".local" "initialize" "initialize" "new" 
"row.names.data.frame" "row.names" "as.matrix.data.frame" "as.matrix" "t.data.frame" "t" "as.vector" ".local" "initialize" "initialize" "new" 
"row.names.data.frame" "row.names" "as.matrix.data.frame" "as.matrix" "t.data.frame" "t" "as.vector" ".local" "initialize" "initialize" "new" 
"row.names.data.frame" "row.names" "as.matrix.data.frame" "as.matrix" "t.data.frame" "t" "as.vector" ".local" "initialize" "initialize" "new" 
"row.names.data.frame" "row.names" "as.matrix.data.frame" "as.matrix" "t.data.frame" "t" "as.vector" ".local" "initialize" "initialize" "new" 
"row.names.data.frame" "row.names" "as.matrix.data.frame" "as.matrix" "t.data.frame" "t" "as.vector" ".local" "initialize" "initialize" "new" 
"row.names.data.frame" "row.names" "as.matrix.data.frame" "as.matrix" "t.data.frame" "t" "as.vector" ".local" "initialize" "initialize" "new" 
"row.names.data.frame" "row.names" "as.matrix.data.frame" "as.matrix" "t.data.frame" "t" "as.vector" ".local" "initialize" "initialize" "new" 
"row.names.data.frame" "row.names" "as.matrix.data.frame" "as.matrix" "t.data.frame" "t" "as.vector" ".local" "initialize" "initialize" "new" 
"row.names.data.frame" "row.names" "as.matrix.data.frame" "as.matrix" "t.data.frame" "t" "as.vector" ".local" "initialize" "initialize" "new" 
"row.names.data.frame" "row.names" "as.matrix.data.frame" "as.matrix" "t.data.frame" "t" "as.vector" ".local" "initialize" "initialize" "new" 
"row.names.data.frame" "row.names" "as.matrix.data.frame" "as.matrix" "t.data.frame" "t" "as.vector" ".local" "initialize" "initialize" "new" 
"row.names.data.frame" "row.names" "as.matrix.data.frame" "as.matrix" "t.data.frame" "t" "as.vector" ".local" "initialize" "initialize" "new" 
"row.names.data.frame" "row.names" "as.matrix.data.frame" "as.matrix" "t.data.frame" "t" "as.vector" ".local" "initialize" "initialize" "new" 
"row.names.data.frame" "row.names" "as.matrix.data.frame" "as.matrix" "t.data.frame" "t" "as.vector" ".local" "initialize" "initialize" "new" 
"row.names.data.frame" "row.names" "as.matrix.data.frame" "as.matrix" "t.data.frame" "t" "as.vector" ".local" "initialize" "initialize" "new" 
"row.names.data.frame" "row.names" "as.matrix.data.frame" "as.matrix" "t.data.frame" "t" "as.vector" ".local" "initialize" "initialize" "new" 
"row.names.data.frame" "row.names" "as.matrix.data.frame" "as.matrix" "t.data.frame" "t" "as.vector" ".local" "initialize" "initialize" "new" 
"row.names.data.frame" "row.names" "as.matrix.data.frame" "as.matrix" "t.data.frame" "t" "as.vector" ".local" "initialize" "initialize" "new" 
"row.names.data.frame" "row.names" "as.matrix.data.frame" "as.matrix" "t.data.frame" "t" "as.vector" ".local" "initialize" "initialize" "new" 
"row.names.data.frame" "row.names" "as.matrix.data.frame" "as.matrix" "t.data.frame" "t" "as.vector" ".local" "initialize" "initialize" "new" 
"row.names.data.frame" "row.names" "as.matrix.data.frame" "as.matrix" "t.data.frame" "t" "as.vector" ".local" "initialize" "initialize" "new" 
"row.names.data.frame" "row.names" "as.matrix.data.frame" "as.matrix" "t.data.frame" "t" "as.vector" ".local" "initialize" "initialize" "new" 
"row.names.data.frame" "row.names" "as.matrix.data.frame" "as.matrix" "t.data.frame" "t" "as.vector" ".local" "initialize" "initialize" "new" 
"row.names.data.frame" "row.names" "as.matrix.data.frame" "as.matrix" "t.data.frame" "t" "as.vector" ".local" "initialize" "initialize" "new" 
"row.names.data.frame" "row.names" "as.matrix.data.frame" "as.matrix" "t.data.frame" "t" "as.vector" ".local" "initialize" "initialize" "new" 
"row.names.data.frame" "row.names" "as.matrix.data.frame" "as.matrix" "t.data.frame" "t" "as.vector" ".local" "initialize" "initialize" "new" 
"row.names.data.frame" "row.names" "as.matrix.data.frame" "as.matrix" "t.data.frame" "t" "as.vector" ".local" "initialize" "initialize" "new" 
"row.names.data.frame" "row.names" "as.matrix.data.frame" "as.matrix" "t.data.frame" "t" "as.vector" ".local" "initialize" "initialize" "new" 
"row.names.data.frame" "row.names" "as.matrix.data.frame" "as.matrix" "t.data.frame" "t" "as.vector" ".local" "initialize" "initialize" "new" 
"row.names.data.frame" "row.names" "as.matrix.data.frame" "as.matrix" "t.data.frame" "t" "as.vector" ".local" "initialize" "initialize" "new" 
"row.names.data.frame" "row.names" "as.matrix.data.frame" "as.matrix" "t.data.frame" "t" "as.vector" ".local" "initialize" "initialize" "new" 
"row.names.data.frame" "row.names" "as.matrix.data.frame" "as.matrix" "t.data.frame" "t" "as.vector" ".local" "initialize" "initialize" "new" 
"row.names.data.frame" "row.names" "as.matrix.data.frame" "as.matrix" "t.data.frame" "t" "as.vector" ".local" "initialize" "initialize" "new" 
"row.names.data.frame" "row.names" "as.matrix.data.frame" "as.matrix" "t.data.frame" "t" "as.vector" ".local" "initialize" "initialize" "new" 
"row.names.data.frame" "row.names" "as.matrix.data.frame" "as.matrix" "t.data.frame" "t" "as.vector" ".local" "initialize" "initialize" "new" 
"row.names.data.frame" "row.names" "as.matrix.data.frame" "as.matrix" "t.data.frame" "t" "as.vector" ".local" "initialize" "initialize" "new" 
"row.names.data.frame" "row.names" "as.matrix.data.frame" "as.matrix" "t.data.frame" "t" "as.vector" ".local" "initialize" "initialize" "new" 
"row.names.data.frame" "row.names" "as.matrix.data.frame" "as.matrix" "t.data.frame" "t" "as.vector" ".local" "initialize" "initialize" "new" 
"row.names.data.frame" "row.names" "as.matrix.data.frame" "as.matrix" "t.data.frame" "t" "as.vector" ".local" "initialize" "initialize" "new" 
"row.names.data.frame" "row.names" "as.matrix.data.frame" "as.matrix" "t.data.frame" "t" "as.vector" ".local" "initialize" "initialize" "new" 
"row.names.data.frame" "row.names" "as.matrix.data.frame" "as.matrix" "t.data.frame" "t" "as.vector" ".local" "initialize" "initialize" "new" 
"row.names.data.frame" "row.names" "as.matrix.data.frame" "as.matrix" "t.data.frame" "t" "as.vector" ".local" "initialize" "initialize" "new" 
"row.names.data.frame" "row.names" "as.matrix.data.frame" "as.matrix" "t.data.frame" "t" "as.vector" ".local" "initialize" "initialize" "new" 
"row.names.data.frame" "row.names" "as.matrix.data.frame" "as.matrix" "t.data.frame" "t" "as.vector" ".local" "initialize" "initialize" "new" 
"row.names.data.frame" "row.names" "as.matrix.data.frame" "as.matrix" "t.data.frame" "t" "as.vector" ".local" "initialize" "initialize" "new" 
"row.names.data.frame" "row.names" "as.matrix.data.frame" "as.matrix" "t.data.frame" "t" "as.vector" ".local" "initialize" "initialize" "new" 
"row.names.data.frame" "row.names" "as.matrix.data.frame" "as.matrix" "t.data.frame" "t" "as.vector" ".local" "initialize" "initialize" "new" 
"row.names.data.frame" "row.names" "as.matrix.data.frame" "as.matrix" "t.data.frame" "t" "as.vector" ".local" "initialize" "initialize" "new" 
"row.names.data.frame" "row.names" "as.matrix.data.frame" "as.matrix" "t.data.frame" "t" "as.vector" ".local" "initialize" "initialize" "new" 
"row.names.data.frame" "row.names" "as.matrix.data.frame" "as.matrix" "t.data.frame" "t" "as.vector" ".local" "initialize" "initialize" "new" 
"as.matrix.data.frame" "as.matrix" "t.data.frame" "t" "as.vector" ".local" "initialize" "initialize" "new" 
"as.matrix.data.frame" "as.matrix" "t.data.frame" "t" "as.vector" ".local" "initialize" "initialize" "new" 
"as.matrix.data.frame" "as.matrix" "t.data.frame" "t" "as.vector" ".local" "initialize" "initialize" "new" 
"unlist" "as.matrix.data.frame" "as.matrix" "t.data.frame" "t" "as.vector" ".local" "initialize" "initialize" "new" 
"unlist" "as.matrix.data.frame" "as.matrix" "t.data.frame" "t" "as.vector" ".local" "initialize" "initialize" "new" 
"unlist" "as.matrix.data.frame" "as.matrix" "t.data.frame" "t" "as.vector" ".local" "initialize" "initialize" "new" 
"unlist" "as.matrix.data.frame" "as.matrix" "t.data.frame" "t" "as.vector" ".local" "initialize" "initialize" "new" 
"t.default" "NextMethod" "t.data.frame" "t" "as.vector" ".local" "initialize" "initialize" "new" 
"t.default" "NextMethod" "t.data.frame" "t" "as.vector" ".local" "initialize" "initialize" "new" 
"t.default" "NextMethod" "t.data.frame" "t" "as.vector" ".local" "initialize" "initialize" "new" 
"t.default" "NextMethod" "t.data.frame" "t" "as.vector" ".local" "initialize" "initialize" "new" 
"t.default" "NextMethod" "t.data.frame" "t" "as.vector" ".local" "initialize" "initialize" "new" 
"t.default" "NextMethod" "t.data.frame" "t" "as.vector" ".local" "initialize" "initialize" "new" 
"t.default" "NextMethod" "t.data.frame" "t" "as.vector" ".local" "initialize" "initialize" "new" 
"t.default" "NextMethod" "t.data.frame" "t" "as.vector" ".local" "initialize" "initialize" "new" 
"t.default" "NextMethod" "t.data.frame" "t" "as.vector" ".local" "initialize" "initialize" "new" 
"t.default" "NextMethod" "t.data.frame" "t" "as.vector" ".local" "initialize" "initialize" "new" 
"as.vector" ".local" "initialize" "initialize" "new" 
"as.vector" ".local" "initialize" "initialize" "new" 
"as.vector" ".local" "initialize" "initialize" "new" 
"duplicated.default" "duplicated" "which" ".local" "initialize" "initialize" "new" 
"duplicated.default" "duplicated" "which" ".local" "initialize" "initialize" "new" 
"duplicated.default" "duplicated" "which" ".local" "initialize" "initialize" "new" 
"duplicated.default" "duplicated" "which" ".local" "initialize" "initialize" "new" 
"duplicated.default" "duplicated" "which" ".local" "initialize" "initialize" "new" 
"duplicated.default" "duplicated" "which" ".local" "initialize" "initialize" "new" 
"duplicated.default" "duplicated" "which" ".local" "initialize" "initialize" "new" 
"duplicated.default" "duplicated" "which" ".local" "initialize" "initialize" "new" 
"duplicated.default" "duplicated" "which" ".local" "initialize" "initialize" "new" 
"duplicated.default" "duplicated" "which" ".local" "initialize" "initialize" "new" 
"duplicated.default" "duplicated" "which" ".local" "initialize" "initialize" "new" 
"duplicated.default" "duplicated" "which" ".local" "initialize" "initialize" "new" 
"duplicated.default" "duplicated" "which" ".local" "initialize" "initialize" "new" 
"duplicated.default" "duplicated" "which" ".local" "initialize" "initialize" "new" 
"duplicated.default" "duplicated" "which" ".local" "initialize" "initialize" "new" 
"duplicated.default" "duplicated" "which" ".local" "initialize" "initialize" "new" 
"duplicated.default" "duplicated" "which" ".local" "initialize" "initialize" "new" 
"duplicated.default" "duplicated" "which" ".local" "initialize" "initialize" "new" 
"duplicated.default" "duplicated" "which" ".local" "initialize" "initialize" "new" 
"duplicated.default" "duplicated" "which" ".local" "initialize" "initialize" "new" 
"duplicated.default" "duplicated" "which" ".local" "initialize" "initialize" "new" 
"duplicated.default" "duplicated" "which" ".local" "initialize" "initialize" "new" 
"duplicated.default" "duplicated" "which" ".local" "initialize" "initialize" "new" 
"duplicated.default" "duplicated" "which" ".local" "initialize" "initialize" "new" 
"duplicated.default" "duplicated" "which" ".local" "initialize" "initialize" "new" 
"duplicated.default" "duplicated" "which" ".local" "initialize" "initialize" "new" 
"duplicated.default" "duplicated" "which" ".local" "initialize" "initialize" "new" 
"duplicated.default" "duplicated" "which" ".local" "initialize" "initialize" "new" 
"duplicated.default" "duplicated" "which" ".local" "initialize" "initialize" "new" 
"duplicated.default" "duplicated" "which" ".local" "initialize" "initialize" "new" 
"duplicated.default" "duplicated" "which" ".local" "initialize" "initialize" "new" 
"duplicated.default" "duplicated" "which" ".local" "initialize" "initialize" "new" 
"duplicated.default" "duplicated" "which" ".local" "initialize" "initialize" "new" 
"duplicated.default" "duplicated" "which" ".local" "initialize" "initialize" "new" 
"duplicated.default" "duplicated" "which" ".local" "initialize" "initialize" "new" 
"duplicated.default" "duplicated" "which" ".local" "initialize" "initialize" "new" 
"duplicated.default" "duplicated" "which" ".local" "initialize" "initialize" "new" 
"duplicated.default" "duplicated" "which" ".local" "initialize" "initialize" "new" 
"duplicated.default" "duplicated" "which" ".local" "initialize" "initialize" "new" 
"duplicated.default" "duplicated" "which" ".local" "initialize" "initialize" "new" 
"duplicated.default" "duplicated" "which" ".local" "initialize" "initialize" "new" 
"duplicated.default" "duplicated" "which" ".local" "initialize" "initialize" "new" 
"duplicated.default" "duplicated" "which" ".local" "initialize" "initialize" "new" 
"duplicated.default" "duplicated" "which" ".local" "initialize" "initialize" "new" 
"duplicated.default" "duplicated" "which" ".local" "initialize" "initialize" "new" 
"duplicated.default" "duplicated" "which" ".local" "initialize" "initialize" "new" 
"duplicated.default" "duplicated" "which" ".local" "initialize" "initialize" "new" 
"duplicated.default" "duplicated" "which" ".local" "initialize" "initialize" "new" 
"duplicated.default" "duplicated" "which" ".local" "initialize" "initialize" "new" 
"duplicated.default" "duplicated" "which" ".local" "initialize" "initialize" "new" 
"duplicated.default" "duplicated" "which" ".local" "initialize" "initialize" "new" 
"duplicated.default" "duplicated" "which" ".local" "initialize" "initialize" "new" 
"duplicated.default" "duplicated" "which" ".local" "initialize" "initialize" "new" 
"duplicated.default" "duplicated" "which" ".local" "initialize" "initialize" "new" 
"duplicated.default" "duplicated" "which" ".local" "initialize" "initialize" "new" 
"duplicated.default" "duplicated" "which" ".local" "initialize" "initialize" "new" 
"duplicated.default" "duplicated" "which" ".local" "initialize" "initialize" "new" 
"duplicated.default" "duplicated" "which" ".local" "initialize" "initialize" "new" 
"duplicated.default" "duplicated" "which" ".local" "initialize" "initialize" "new" 
"duplicated.default" "duplicated" "which" ".local" "initialize" "initialize" "new" 
"duplicated.default" "duplicated" "which" ".local" "initialize" "initialize" "new" 
"duplicated.default" "duplicated" "which" ".local" "initialize" "initialize" "new" 
"duplicated.default" "duplicated" "which" ".local" "initialize" "initialize" "new" 
"duplicated.default" "duplicated" "which" ".local" "initialize" "initialize" "new" 
"duplicated.default" "duplicated" "which" ".local" "initialize" "initialize" "new" 
"duplicated.default" "duplicated" "which" ".local" "initialize" "initialize" "new" 
"duplicated.default" "duplicated" "which" ".local" "initialize" "initialize" "new" 
"duplicated.default" "duplicated" "which" ".local" "initialize" "initialize" "new" 
"duplicated.default" "duplicated" "which" ".local" "initialize" "initialize" "new" 
"duplicated.default" "duplicated" "which" ".local" "initialize" "initialize" "new" 
"which" ".local" "initialize" "initialize" "new" 
"which" ".local" "initialize" "initialize" "new" 
"-" "[.data.frame" "[" ".local" "initialize" "initialize" "new" 
"-" "[.data.frame" "[" ".local" "initialize" "initialize" "new" 
"-" "[.data.frame" "[" ".local" "initialize" "initialize" "new" 
"[.data.frame" "[" ".local" "initialize" "initialize" "new" 
"[.data.frame" "[" ".local" "initialize" "initialize" "new" 
"[.data.frame" "[" ".local" "initialize" "initialize" "new" 
"[.data.frame" "[" ".local" "initialize" "initialize" "new" 
"[.data.frame" "[" ".local" "initialize" "initialize" "new" 
"[.data.frame" "[" ".local" "initialize" "initialize" "new" 
"[.data.frame" "[" ".local" "initialize" "initialize" "new" 
"sys.call" "match" "%in%" "[[.data.frame" "[[" "[.data.frame" "[" ".local" "initialize" "initialize" "new" 
"sys.call" "match" "%in%" "[[.data.frame" "[[" "[.data.frame" "[" ".local" "initialize" "initialize" "new" 
"sys.call" "match" "%in%" "[[.data.frame" "[[" "[.data.frame" "[" ".local" "initialize" "initialize" "new" 
"sys.call" "match" "%in%" "[[.data.frame" "[[" "[.data.frame" "[" ".local" "initialize" "initialize" "new" 
"sys.call" "match" "%in%" "[[.data.frame" "[[" "[.data.frame" "[" ".local" "initialize" "initialize" "new" 
"sys.call" "match" "%in%" "[[.data.frame" "[[" "[.data.frame" "[" ".local" "initialize" "initialize" "new" 
"sys.call" "match" "%in%" "[[.data.frame" "[[" "[.data.frame" "[" ".local" "initialize" "initialize" "new" 
"sys.call" "match" "%in%" "[[.data.frame" "[[" "[.data.frame" "[" ".local" "initialize" "initialize" "new" 
"sys.call" "match" "%in%" "[[.data.frame" "[[" "[.data.frame" "[" ".local" "initialize" "initialize" "new" 
"sys.call" "match" "%in%" "[[.data.frame" "[[" "[.data.frame" "[" ".local" "initialize" "initialize" "new" 
"sys.call" "match" "%in%" "[[.data.frame" "[[" "[.data.frame" "[" ".local" "initialize" "initialize" "new" 
"sys.call" "match" "%in%" "[[.data.frame" "[[" "[.data.frame" "[" ".local" "initialize" "initialize" "new" 
"sys.call" "match" "%in%" "[[.data.frame" "[[" "[.data.frame" "[" ".local" "initialize" "initialize" "new" 
"sys.call" "match" "%in%" "[[.data.frame" "[[" "[.data.frame" "[" ".local" "initialize" "initialize" "new" 
"sys.call" "match" "%in%" "[[.data.frame" "[[" "[.data.frame" "[" ".local" "initialize" "initialize" "new" 
"sys.call" "match" "%in%" "[[.data.frame" "[[" "[.data.frame" "[" ".local" "initialize" "initialize" "new" 
"sys.call" "match" "%in%" "[[.data.frame" "[[" "[.data.frame" "[" ".local" "initialize" "initialize" "new" 
"[.data.frame" "[" ".local" "initialize" "initialize" "new" 
"[.data.frame" "[" ".local" "initialize" "initialize" "new" 
"[.data.frame" "[" ".local" "initialize" "initialize" "new" 
"[.data.frame" "[" ".local" "initialize" "initialize" "new" 
"[.data.frame" "[" ".local" "initialize" "initialize" "new" 
"[.data.frame" "[" ".local" "initialize" "initialize" "new" 
"[.data.frame" "[" ".local" "initialize" "initialize" "new" 
"[.data.frame" "[" ".local" "initialize" "initialize" "new" 
"[.data.frame" "[" ".local" "initialize" "initialize" "new" 
"[.data.frame" "[" ".local" "initialize" "initialize" "new" 
"[.data.frame" "[" ".local" "initialize" "initialize" "new" 
"[.data.frame" "[" ".local" "initialize" "initialize" "new" 
"[.data.frame" "[" ".local" "initialize" "initialize" "new" 
"[.data.frame" "[" ".local" "initialize" "initialize" "new" 
"[.data.frame" "[" ".local" "initialize" "initialize" "new" 
"[.data.frame" "[" ".local" "initialize" "initialize" "new" 
"[.data.frame" "[" ".local" "initialize" "initialize" "new" 
"[.data.frame" "[" ".local" "initialize" "initialize" "new" 
"[.data.frame" "[" ".local" "initialize" "initialize" "new" 
"[.data.frame" "[" ".local" "initialize" "initialize" "new" 
"[.data.frame" "[" ".local" "initialize" "initialize" "new" 
"[.data.frame" "[" ".local" "initialize" "initialize" "new" 
"[.data.frame" "[" ".local" "initialize" "initialize" "new" 
"[.data.frame" "[" ".local" "initialize" "initialize" "new" 
"[.data.frame" "[" ".local" "initialize" "initialize" "new" 
"[.data.frame" "[" ".local" "initialize" "initialize" "new" 
"[.data.frame" "[" ".local" "initialize" "initialize" "new" 
"[.data.frame" "[" ".local" "initialize" "initialize" "new" 
"[.data.frame" "[" ".local" "initialize" "initialize" "new" 
"[.data.frame" "[" ".local" "initialize" "initialize" "new" 
"[.data.frame" "[" ".local" "initialize" "initialize" "new" 
"[.data.frame" "[" ".local" "initialize" "initialize" "new" 
"[.data.frame" "[" ".local" "initialize" "initialize" "new" 
"[.data.frame" "[" ".local" "initialize" "initialize" "new" 
"[.data.frame" "[" ".local" "initialize" "initialize" "new" 
"[.data.frame" "[" ".local" "initialize" "initialize" "new" 
"[.data.frame" "[" ".local" "initialize" "initialize" "new" 
"[.data.frame" "[" ".local" "initialize" "initialize" "new" 
"[.data.frame" "[" ".local" "initialize" "initialize" "new" 
"[.data.frame" "[" ".local" "initialize" "initialize" "new" 
"[.data.frame" "[" ".local" "initialize" "initialize" "new" 
"[.data.frame" "[" ".local" "initialize" "initialize" "new" 
"[.data.frame" "[" ".local" "initialize" "initialize" "new" 
"[.data.frame" "[" ".local" "initialize" "initialize" "new" 
"[.data.frame" "[" ".local" "initialize" "initialize" "new" 
"[.data.frame" "[" ".local" "initialize" "initialize" "new" 
"[.data.frame" "[" ".local" "initialize" "initialize" "new" 
"[.data.frame" "[" ".local" "initialize" "initialize" "new" 
"[.data.frame" "[" ".local" "initialize" "initialize" "new" 
"[.data.frame" "[" ".local" "initialize" "initialize" "new" 
"[.data.frame" "[" ".local" "initialize" "initialize" "new" 
"[.data.frame" "[" ".local" "initialize" "initialize" "new" 
"[.data.frame" "[" ".local" "initialize" "initialize" "new" 
"[.data.frame" "[" ".local" "initialize" "initialize" "new" 
"[.data.frame" "[" ".local" "initialize" "initialize" "new" 
"[[.data.frame" "[[" "[.data.frame" "[" ".local" "initialize" "initialize" "new" 
"[.data.frame" "[" ".local" "initialize" "initialize" "new" 
"[.data.frame" "[" ".local" "initialize" "initialize" "new" 
"[.data.frame" "[" ".local" "initialize" "initialize" "new" 
"[.data.frame" "[" ".local" "initialize" "initialize" "new" 
"[.data.frame" "[" ".local" "initialize" "initialize" "new" 
"[.data.frame" "[" ".local" "initialize" "initialize" "new" 
"[.data.frame" "[" ".local" "initialize" "initialize" "new" 
"[.data.frame" "[" ".local" "initialize" "initialize" "new" 
"[.data.frame" "[" ".local" "initialize" "initialize" "new" 
"[.data.frame" "[" ".local" "initialize" "initialize" "new" 
"[.data.frame" "[" ".local" "initialize" "initialize" "new" 
"[.data.frame" "[" ".local" "initialize" "initialize" "new" 
"[.data.frame" "[" ".local" "initialize" "initialize" "new" 
"[.data.frame" "[" ".local" "initialize" "initialize" "new" 
"[.data.frame" "[" ".local" "initialize" "initialize" "new" 
"[.data.frame" "[" ".local" "initialize" "initialize" "new" 
"[.data.frame" "[" ".local" "initialize" "initialize" "new" 
"[.data.frame" "[" ".local" "initialize" "initialize" "new" 
"[.data.frame" "[" ".local" "initialize" "initialize" "new" 
"[.data.frame" "[" ".local" "initialize" "initialize" "new" 
"[.data.frame" "[" ".local" "initialize" "initialize" "new" 
"[.data.frame" "[" ".local" "initialize" "initialize" "new" 
"[.data.frame" "[" ".local" "initialize" "initialize" "new" 
"[.data.frame" "[" ".local" "initialize" "initialize" "new" 
"[.data.frame" "[" ".local" "initialize" "initialize" "new" 
"[.data.frame" "[" ".local" "initialize" "initialize" "new" 
"[.data.frame" "[" ".local" "initialize" "initialize" "new" 
"[.data.frame" "[" ".local" "initialize" "initialize" "new" 
"[.data.frame" "[" ".local" "initialize" "initialize" "new" 
"[.data.frame" "[" ".local" "initialize" "initialize" "new" 
"[.data.frame" "[" ".local" "initialize" "initialize" "new" 
"[.data.frame" "[" ".local" "initialize" "initialize" "new" 
"[.data.frame" "[" ".local" "initialize" "initialize" "new" 
"[.data.frame" "[" ".local" "initialize" "initialize" "new" 
"[.data.frame" "[" ".local" "initialize" "initialize" "new" 
"[.data.frame" "[" ".local" "initialize" "initialize" "new" 
"[.data.frame" "[" ".local" "initialize" "initialize" "new" 
"[.data.frame" "[" ".local" "initialize" "initialize" "new" 
"[.data.frame" "[" ".local" "initialize" "initialize" "new" 
"[.data.frame" "[" ".local" "initialize" "initialize" "new" 
"[.data.frame" "[" ".local" "initialize" "initialize" "new" 
"[.data.frame" "[" ".local" "initialize" "initialize" "new" 
"[.data.frame" "[" ".local" "initialize" "initialize" "new" 
"[.data.frame" "[" ".local" "initialize" "initialize" "new" 
"[.data.frame" "[" ".local" "initialize" "initialize" "new" 
"[.data.frame" "[" ".local" "initialize" "initialize" "new" 
"[.data.frame" "[" ".local" "initialize" "initialize" "new" 
"[.data.frame" "[" ".local" "initialize" "initialize" "new" 
"[.data.frame" "[" ".local" "initialize" "initialize" "new" 
"[.data.frame" "[" ".local" "initialize" "initialize" "new" 
"[.data.frame" "[" ".local" "initialize" "initialize" "new" 
"[.data.frame" "[" ".local" "initialize" "initialize" "new" 
"[.data.frame" "[" ".local" "initialize" "initialize" "new" 
"[.data.frame" "[" ".local" "initialize" "initialize" "new" 
"[.data.frame" "[" ".local" "initialize" "initialize" "new" 
"[.data.frame" "[" ".local" "initialize" "initialize" "new" 
"[.data.frame" "[" ".local" "initialize" "initialize" "new" 
"[.data.frame" "[" ".local" "initialize" "initialize" "new" 
"[.data.frame" "[" ".local" "initialize" "initialize" "new" 
"[.data.frame" "[" ".local" "initialize" "initialize" "new" 
"[.data.frame" "[" ".local" "initialize" "initialize" "new" 
"[.data.frame" "[" ".local" "initialize" "initialize" "new" 
"[.data.frame" "[" ".local" "initialize" "initialize" "new" 
"[.data.frame" "[" ".local" "initialize" "initialize" "new" 
"[.data.frame" "[" ".local" "initialize" "initialize" "new" 
"[.data.frame" "[" ".local" "initialize" "initialize" "new" 
"[.data.frame" "[" ".local" "initialize" "initialize" "new" 
"[.data.frame" "[" ".local" "initialize" "initialize" "new" 
"[.data.frame" "[" ".local" "initialize" "initialize" "new" 
"[.data.frame" "[" ".local" "initialize" "initialize" "new" 
"[.data.frame" "[" ".local" "initialize" "initialize" "new" 
"[.data.frame" "[" ".local" "initialize" "initialize" "new" 
"[.data.frame" "[" ".local" "initialize" "initialize" "new" 
"[.data.frame" "[" ".local" "initialize" "initialize" "new" 
"[.data.frame" "[" ".local" "initialize" "initialize" "new" 
"[.data.frame" "[" ".local" "initialize" "initialize" "new" 
"[.data.frame" "[" ".local" "initialize" "initialize" "new" 
"[.data.frame" "[" ".local" "initialize" "initialize" "new" 
"[.data.frame" "[" ".local" "initialize" "initialize" "new" 
"[.data.frame" "[" ".local" "initialize" "initialize" "new" 
"[.data.frame" "[" ".local" "initialize" "initialize" "new" 
"[.data.frame" "[" ".local" "initialize" "initialize" "new" 
"[.data.frame" "[" ".local" "initialize" "initialize" "new" 
"[.data.frame" "[" ".local" "initialize" "initialize" "new" 
"[.data.frame" "[" ".local" "initialize" "initialize" "new" 
"[.data.frame" "[" ".local" "initialize" "initialize" "new" 
"[.data.frame" "[" ".local" "initialize" "initialize" "new" 
"[.data.frame" "[" ".local" "initialize" "initialize" "new" 
"[.data.frame" "[" ".local" "initialize" "initialize" "new" 
"[.data.frame" "[" ".local" "initialize" "initialize" "new" 
"[.data.frame" "[" ".local" "initialize" "initialize" "new" 
"[.data.frame" "[" ".local" "initialize" "initialize" "new" 
"[.data.frame" "[" ".local" "initialize" "initialize" "new" 
"[.data.frame" "[" ".local" "initialize" "initialize" "new" 
"[.data.frame" "[" ".local" "initialize" "initialize" "new" 
"[.data.frame" "[" ".local" "initialize" "initialize" "new" 
"[.data.frame" "[" ".local" "initialize" "initialize" "new" 
"[.data.frame" "[" ".local" "initialize" "initialize" "new" 
"[.data.frame" "[" ".local" "initialize" "initialize" "new" 
"[.data.frame" "[" ".local" "initialize" "initialize" "new" 
"[.data.frame" "[" ".local" "initialize" "initialize" "new" 
"[.data.frame" "[" ".local" "initialize" "initialize" "new" 
"[.data.frame" "[" ".local" "initialize" "initialize" "new" 
"[.data.frame" "[" ".local" "initialize" "initialize" "new" 
"[.data.frame" "[" ".local" "initialize" "initialize" "new" 
"-" ".local" "initialize" "initialize" "new" 
"-" ".local" "initialize" "initialize" "new" 
"-" ".local" "initialize" "initialize" "new" 
"-" ".local" "initialize" "initialize" "new" 
".local" "initialize" "initialize" "new" 
".local" "initialize" "initialize" "new" 
".local" "initialize" "initialize" "new" 
".local" "initialize" "initialize" "new" 
".local" "initialize" "initialize" "new" 
".local" "initialize" "initialize" "new" 
".local" "initialize" "initialize" "new" 
".local" "initialize" "initialize" "new" 
".local" "initialize" "initialize" "new" 
".local" "initialize" "initialize" "new" 
"na.omit.default" "na.omit" ".local" "initialize" "initialize" "new" 
"na.omit.default" "na.omit" ".local" "initialize" "initialize" "new" 
"na.omit.default" "na.omit" ".local" "initialize" "initialize" "new" 
"na.omit.default" "na.omit" ".local" "initialize" "initialize" "new" 
"na.omit.default" "na.omit" ".local" "initialize" "initialize" "new" 
"na.omit.default" "na.omit" ".local" "initialize" "initialize" "new" 
"na.omit.default" "na.omit" ".local" "initialize" "initialize" "new" 
"na.omit.default" "na.omit" ".local" "initialize" "initialize" "new" 
"na.omit.default" "na.omit" ".local" "initialize" "initialize" "new" 
"na.omit.default" "na.omit" ".local" "initialize" "initialize" "new" 
"na.omit.default" "na.omit" ".local" "initialize" "initialize" "new" 
"na.omit.default" "na.omit" ".local" "initialize" "initialize" "new" 
"na.omit.default" "na.omit" ".local" "initialize" "initialize" "new" 
"na.omit.default" "na.omit" ".local" "initialize" "initialize" "new" 
"na.omit.default" "na.omit" ".local" "initialize" "initialize" "new" 
"na.omit.default" "na.omit" ".local" "initialize" "initialize" "new" 
"na.omit.default" "na.omit" ".local" "initialize" "initialize" "new" 
"na.omit.default" "na.omit" ".local" "initialize" "initialize" "new" 
"na.omit.default" "na.omit" ".local" "initialize" "initialize" "new" 
"na.omit.default" "na.omit" ".local" "initialize" "initialize" "new" 
"na.omit.default" "na.omit" ".local" "initialize" "initialize" "new" 
"na.omit.default" "na.omit" ".local" "initialize" "initialize" "new" 
"na.omit.default" "na.omit" ".local" "initialize" "initialize" "new" 
"range" ".local" "initialize" "initialize" "new" 
"range" "range" ".local" "initialize" "initialize" "new" 
"range" "range" ".local" "initialize" "initialize" "new" 
"range" "range" ".local" "initialize" "initialize" "new" 
"range" "range" ".local" "initialize" "initialize" "new" 
"range" "range" ".local" "initialize" "initialize" "new" 
"range" "range" ".local" "initialize" "initialize" "new" 
"range" "range" ".local" "initialize" "initialize" "new" 
"range" "range" ".local" "initialize" "initialize" "new" 
"range" "range" ".local" "initialize" "initialize" "new" 
"range" "range" ".local" "initialize" "initialize" "new" 
"range" "range" ".local" "initialize" "initialize" "new" 
"range" "range" ".local" "initialize" "initialize" "new" 
"range" "range" ".local" "initialize" "initialize" "new" 
"range" "range" ".local" "initialize" "initialize" "new" 
"range" "range" ".local" "initialize" "initialize" "new" 
"range" "range" ".local" "initialize" "initialize" "new" 
"range" "range" ".local" "initialize" "initialize" "new" 
"range" "range" ".local" "initialize" "initialize" "new" 
"range" "range" ".local" "initialize" "initialize" "new" 
"range" "range" ".local" "initialize" "initialize" "new" 
"range" "range" ".local" "initialize" "initialize" "new" 
"range" "range" ".local" "initialize" "initialize" "new" 
"range" "range" ".local" "initialize" "initialize" "new" 
"range" "range" ".local" "initialize" "initialize" "new" 
"range" "range" ".local" "initialize" "initialize" "new" 
"range" "range" ".local" "initialize" "initialize" "new" 
"range" "range" ".local" "initialize" "initialize" "new" 
"range" "range" ".local" "initialize" "initialize" "new" 
"range" "range" ".local" "initialize" "initialize" "new" 
"range" "range" ".local" "initialize" "initialize" "new" 
"slot<-" "@<-" ".local" "initialize" "initialize" "new" 
"slot<-" "@<-" ".local" "initialize" "initialize" "new" 
"slot<-" "@<-" ".local" "initialize" "initialize" "new" 
"slot<-" "@<-" ".local" "initialize" "initialize" "new" 
".local" "initialize" "initialize" "new" 
".local" "initialize" "initialize" "new" 
".local" "initialize" "initialize" "new" 
"match" "%in%" "[[.data.frame" "[[" "[.data.frame" "[" "addCovariates" "standardGeneric" "addCovariates" 
"match" "%in%" "[[.data.frame" "[[" "[.data.frame" "[" "addCovariates" "standardGeneric" "addCovariates" 
"match" "%in%" "[[.data.frame" "[[" "[.data.frame" "[" "addCovariates" "standardGeneric" "addCovariates" 
"match" "%in%" "[[.data.frame" "[[" "[.data.frame" "[" "addCovariates" "standardGeneric" "addCovariates" 
"match" "%in%" "[[.data.frame" "[[" "[.data.frame" "[" "addCovariates" "standardGeneric" "addCovariates" 
"addCovariates" "standardGeneric" "addCovariates" 
"addCovariates" "standardGeneric" "addCovariates" 
"addCovariates" "standardGeneric" "addCovariates" 
"addCovariates" "standardGeneric" "addCovariates" 
"addCovariates" "standardGeneric" "addCovariates" 
"addCovariates" "standardGeneric" "addCovariates" 
"addCovariates" "standardGeneric" "addCovariates" 
"addCovariates" "standardGeneric" "addCovariates" 
"addCovariates" "standardGeneric" "addCovariates" 
"addCovariates" "standardGeneric" "addCovariates" 
"addCovariates" "standardGeneric" "addCovariates" 
"addCovariates" "standardGeneric" "addCovariates" 
"addCovariates" "standardGeneric" "addCovariates" 
"addCovariates" "standardGeneric" "addCovariates" 
"addCovariates" "standardGeneric" "addCovariates" 
"addCovariates" "standardGeneric" "addCovariates" 
"addCovariates" "standardGeneric" "addCovariates" 
"addCovariates" "standardGeneric" "addCovariates" 
"addCovariates" "standardGeneric" "addCovariates" 
"data.frame" "cbind" "cbind" "extractFormattedData" "standardGeneric" "extractFormattedData" 
"strptime" "as.POSIXlt.character" "as.POSIXlt" "extractFormattedData" "standardGeneric" "extractFormattedData" 
"strptime" "as.POSIXlt.character" "as.POSIXlt" "extractFormattedData" "standardGeneric" "extractFormattedData" 
"strptime" "as.POSIXlt.character" "as.POSIXlt" "extractFormattedData" "standardGeneric" "extractFormattedData" 
"strptime" "as.POSIXlt.character" "as.POSIXlt" "extractFormattedData" "standardGeneric" "extractFormattedData" 
"strptime" "as.POSIXlt.character" "as.POSIXlt" "extractFormattedData" "standardGeneric" "extractFormattedData" 
"strptime" "as.POSIXlt.character" "as.POSIXlt" "extractFormattedData" "standardGeneric" "extractFormattedData" 
"strptime" "as.POSIXlt.character" "as.POSIXlt" "extractFormattedData" "standardGeneric" "extractFormattedData" 
"strptime" "as.POSIXlt.character" "as.POSIXlt" "extractFormattedData" "standardGeneric" "extractFormattedData" 
"strptime" "as.POSIXlt.character" "as.POSIXlt" "extractFormattedData" "standardGeneric" "extractFormattedData" 
"strptime" "as.POSIXlt.character" "as.POSIXlt" "extractFormattedData" "standardGeneric" "extractFormattedData" 
"strptime" "as.POSIXlt.character" "as.POSIXlt" "extractFormattedData" "standardGeneric" "extractFormattedData" 
"strptime" "as.POSIXlt.character" "as.POSIXlt" "extractFormattedData" "standardGeneric" "extractFormattedData" 
"strptime" "as.POSIXlt.character" "as.POSIXlt" "extractFormattedData" "standardGeneric" "extractFormattedData" 
"strptime" "as.POSIXlt.character" "as.POSIXlt" "extractFormattedData" "standardGeneric" "extractFormattedData" 
"strptime" "as.POSIXlt.character" "as.POSIXlt" "extractFormattedData" "standardGeneric" "extractFormattedData" 
"strptime" "as.POSIXlt.character" "as.POSIXlt" "extractFormattedData" "standardGeneric" "extractFormattedData" 
"strptime" "as.POSIXlt.character" "as.POSIXlt" "extractFormattedData" "standardGeneric" "extractFormattedData" 
"strptime" "as.POSIXlt.character" "as.POSIXlt" "extractFormattedData" "standardGeneric" "extractFormattedData" 
"strptime" "as.POSIXlt.character" "as.POSIXlt" "extractFormattedData" "standardGeneric" "extractFormattedData" 
"strptime" "as.POSIXlt.character" "as.POSIXlt" "extractFormattedData" "standardGeneric" "extractFormattedData" 
"strptime" "as.POSIXlt.character" "as.POSIXlt" "extractFormattedData" "standardGeneric" "extractFormattedData" 
"strptime" "as.POSIXlt.character" "as.POSIXlt" "extractFormattedData" "standardGeneric" "extractFormattedData" 
"strptime" "as.POSIXlt.character" "as.POSIXlt" "extractFormattedData" "standardGeneric" "extractFormattedData" 
"strptime" "as.POSIXlt.character" "as.POSIXlt" "extractFormattedData" "standardGeneric" "extractFormattedData" 
"strptime" "as.POSIXlt.character" "as.POSIXlt" "extractFormattedData" "standardGeneric" "extractFormattedData" 
"strptime" "as.POSIXlt.character" "as.POSIXlt" "extractFormattedData" "standardGeneric" "extractFormattedData" 
"strptime" "as.POSIXlt.character" "as.POSIXlt" "extractFormattedData" "standardGeneric" "extractFormattedData" 
"strptime" "as.POSIXlt.character" "as.POSIXlt" "extractFormattedData" "standardGeneric" "extractFormattedData" 
"strptime" "as.POSIXlt.character" "as.POSIXlt" "extractFormattedData" "standardGeneric" "extractFormattedData" 
"strptime" "as.POSIXlt.character" "as.POSIXlt" "extractFormattedData" "standardGeneric" "extractFormattedData" 
"strptime" "as.POSIXlt.character" "as.POSIXlt" "extractFormattedData" "standardGeneric" "extractFormattedData" 
"strptime" "as.POSIXlt.character" "as.POSIXlt" "extractFormattedData" "standardGeneric" "extractFormattedData" 
"strptime" "as.POSIXlt.character" "as.POSIXlt" "extractFormattedData" "standardGeneric" "extractFormattedData" 
"strptime" "as.POSIXlt.character" "as.POSIXlt" "extractFormattedData" "standardGeneric" "extractFormattedData" 
"strptime" "as.POSIXlt.character" "as.POSIXlt" "extractFormattedData" "standardGeneric" "extractFormattedData" 
"strptime" "as.POSIXlt.character" "as.POSIXlt" "extractFormattedData" "standardGeneric" "extractFormattedData" 
"strptime" "as.POSIXlt.character" "as.POSIXlt" "extractFormattedData" "standardGeneric" "extractFormattedData" 
"strptime" "as.POSIXlt.character" "as.POSIXlt" "extractFormattedData" "standardGeneric" "extractFormattedData" 
"strptime" "as.POSIXlt.character" "as.POSIXlt" "extractFormattedData" "standardGeneric" "extractFormattedData" 
"as.POSIXct.POSIXlt" "as.POSIXct" "is.na.POSIXlt" "is.na" "as.POSIXlt.character" "as.POSIXlt" "extractFormattedData" "standardGeneric" "extractFormattedData" 
"strptime" "as.POSIXlt.character" "as.POSIXlt" "extractFormattedData" "standardGeneric" "extractFormattedData" 
"strptime" "as.POSIXlt.character" "as.POSIXlt" "extractFormattedData" "standardGeneric" "extractFormattedData" 
"strptime" "as.POSIXlt.character" "as.POSIXlt" "extractFormattedData" "standardGeneric" "extractFormattedData" 
"strptime" "as.POSIXlt.character" "as.POSIXlt" "extractFormattedData" "standardGeneric" "extractFormattedData" 
"strptime" "as.POSIXlt.character" "as.POSIXlt" "extractFormattedData" "standardGeneric" "extractFormattedData" 
"strptime" "as.POSIXlt.character" "as.POSIXlt" "extractFormattedData" "standardGeneric" "extractFormattedData" 
"strptime" "as.POSIXlt.character" "as.POSIXlt" "extractFormattedData" "standardGeneric" "extractFormattedData" 
"strptime" "as.POSIXlt.character" "as.POSIXlt" "extractFormattedData" "standardGeneric" "extractFormattedData" 
"strptime" "as.POSIXlt.character" "as.POSIXlt" "extractFormattedData" "standardGeneric" "extractFormattedData" 
"strptime" "as.POSIXlt.character" "as.POSIXlt" "extractFormattedData" "standardGeneric" "extractFormattedData" 
"strptime" "as.POSIXlt.character" "as.POSIXlt" "extractFormattedData" "standardGeneric" "extractFormattedData" 
"strptime" "as.POSIXlt.character" "as.POSIXlt" "extractFormattedData" "standardGeneric" "extractFormattedData" 
"strptime" "as.POSIXlt.character" "as.POSIXlt" "extractFormattedData" "standardGeneric" "extractFormattedData" 
"strptime" "as.POSIXlt.character" "as.POSIXlt" "extractFormattedData" "standardGeneric" "extractFormattedData" 
"strptime" "as.POSIXlt.character" "as.POSIXlt" "extractFormattedData" "standardGeneric" "extractFormattedData" 
"strptime" "as.POSIXlt.character" "as.POSIXlt" "extractFormattedData" "standardGeneric" "extractFormattedData" 
"strptime" "as.POSIXlt.character" "as.POSIXlt" "extractFormattedData" "standardGeneric" "extractFormattedData" 
"strptime" "as.POSIXlt.character" "as.POSIXlt" "extractFormattedData" "standardGeneric" "extractFormattedData" 
"strptime" "as.POSIXlt.character" "as.POSIXlt" "extractFormattedData" "standardGeneric" "extractFormattedData" 
"strptime" "as.POSIXlt.character" "as.POSIXlt" "extractFormattedData" "standardGeneric" "extractFormattedData" 
"strptime" "as.POSIXlt.character" "as.POSIXlt" "extractFormattedData" "standardGeneric" "extractFormattedData" 
"strptime" "as.POSIXlt.character" "as.POSIXlt" "extractFormattedData" "standardGeneric" "extractFormattedData" 
"strptime" "as.POSIXlt.character" "as.POSIXlt" "extractFormattedData" "standardGeneric" "extractFormattedData" 
"strptime" "as.POSIXlt.character" "as.POSIXlt" "extractFormattedData" "standardGeneric" "extractFormattedData" 
"strptime" "as.POSIXlt.character" "as.POSIXlt" "extractFormattedData" "standardGeneric" "extractFormattedData" 
"strptime" "as.POSIXlt.character" "as.POSIXlt" "extractFormattedData" "standardGeneric" "extractFormattedData" 
"strptime" "as.POSIXlt.character" "as.POSIXlt" "extractFormattedData" "standardGeneric" "extractFormattedData" 
"strptime" "as.POSIXlt.character" "as.POSIXlt" "extractFormattedData" "standardGeneric" "extractFormattedData" 
"strptime" "as.POSIXlt.character" "as.POSIXlt" "extractFormattedData" "standardGeneric" "extractFormattedData" 
"strptime" "as.POSIXlt.character" "as.POSIXlt" "extractFormattedData" "standardGeneric" "extractFormattedData" 
"strptime" "as.POSIXlt.character" "as.POSIXlt" "extractFormattedData" "standardGeneric" "extractFormattedData" 
"strptime" "as.POSIXlt.character" "as.POSIXlt" "extractFormattedData" "standardGeneric" "extractFormattedData" 
"format.POSIXlt" "format" "weekdays.POSIXt" "weekdays" "substr" "is.factor" "as.factor" "extractFormattedData" "standardGeneric" "extractFormattedData" 
"match" "%in%" "deparse" "eval" "match.arg" "sort.list" "factor" "as.factor" "extractFormattedData" "standardGeneric" "extractFormattedData" 
"match" "%in%" "deparse" "eval" "match.arg" "sort.list" "factor" "as.factor" "extractFormattedData" "standardGeneric" "extractFormattedData" 
"unlist" "format.POSIXlt" "format" "as.character.POSIXt" "as.character" "as.character" "strsplit" "lapply" "sapply" "lapply" "sapply" "lapply" "sapply" "is.factor" "as.factor" "extractFormattedData" "standardGeneric" "extractFormattedData" 
"format.POSIXlt" "format" "as.character.POSIXt" "as.character" "as.character" "strsplit" "lapply" "sapply" "lapply" "sapply" "lapply" "sapply" "is.factor" "as.factor" "extractFormattedData" "standardGeneric" "extractFormattedData" 
"strsplit" "lapply" "sapply" "lapply" "sapply" "lapply" "sapply" "is.factor" "as.factor" "extractFormattedData" "standardGeneric" "extractFormattedData" 
"lapply" "sapply" "lapply" "sapply" "lapply" "sapply" "is.factor" "as.factor" "extractFormattedData" "standardGeneric" "extractFormattedData" 
"FUN" "lapply" "sapply" "lapply" "sapply" "is.factor" "as.factor" "extractFormattedData" "standardGeneric" "extractFormattedData" 
"FUN" "lapply" "sapply" "lapply" "sapply" "is.factor" "as.factor" "extractFormattedData" "standardGeneric" "extractFormattedData" 
"FUN" "lapply" "sapply" "lapply" "sapply" "is.factor" "as.factor" "extractFormattedData" "standardGeneric" "extractFormattedData" 
"FUN" "lapply" "sapply" "lapply" "sapply" "is.factor" "as.factor" "extractFormattedData" "standardGeneric" "extractFormattedData" 
"FUN" "lapply" "sapply" "lapply" "sapply" "is.factor" "as.factor" "extractFormattedData" "standardGeneric" "extractFormattedData" 
"FUN" "lapply" "sapply" "lapply" "sapply" "is.factor" "as.factor" "extractFormattedData" "standardGeneric" "extractFormattedData" 
"FUN" "lapply" "sapply" "lapply" "sapply" "is.factor" "as.factor" "extractFormattedData" "standardGeneric" "extractFormattedData" 
"lapply" "unlist" "unique" "simplify2array" "sapply" "lapply" "sapply" "is.factor" "as.factor" "extractFormattedData" "standardGeneric" "extractFormattedData" 
"unlist" "simplify2array" "sapply" "lapply" "sapply" "is.factor" "as.factor" "extractFormattedData" "standardGeneric" "extractFormattedData" 
"lapply" "sapply" "is.factor" "as.factor" "extractFormattedData" "standardGeneric" "extractFormattedData" 
"unlist" "unique" "simplify2array" "sapply" "is.factor" "as.factor" "extractFormattedData" "standardGeneric" "extractFormattedData" 
"factor" "as.factor" "extractFormattedData" "standardGeneric" "extractFormattedData" 
"as.POSIXct.POSIXlt" "as.POSIXct" "timeDate" "standardGeneric" "timeDate" "substr" "isBizday" "isHoliday" "is.factor" "as.factor" "extractFormattedData" "standardGeneric" "extractFormattedData" 
"as.POSIXct.POSIXlt" "as.POSIXct" "timeDate" "standardGeneric" "timeDate" "substr" "isBizday" "isHoliday" "is.factor" "as.factor" "extractFormattedData" "standardGeneric" "extractFormattedData" 
"cacheMethod" "as" "initialize" "initialize" "new" ".findNextFromTable" "addNextMethod" "addNextMethod" "callNextMethod" "initialize" "initialize" "new" "timeDate" "standardGeneric" "timeDate" "substr" "isBizday" "isHoliday" "is.factor" "as.factor" "extractFormattedData" "standardGeneric" "extractFormattedData" 
"unlist" "format.POSIXlt" "structure" "format.POSIXct" "format" "format.timeDate" "format" "as.character.timeDate" "as.character" "as.character" "substr" "isBizday" "isHoliday" "is.factor" "as.factor" "extractFormattedData" "standardGeneric" "extractFormattedData" 
"format.POSIXlt" "structure" "format.POSIXct" "format" "format.timeDate" "format" "as.character.timeDate" "as.character" "as.character" "substr" "isBizday" "isHoliday" "is.factor" "as.factor" "extractFormattedData" "standardGeneric" "extractFormattedData" 
"format.POSIXlt" "structure" "format.POSIXct" "format" "format.timeDate" "format" "as.character.timeDate" "as.character" "as.character" "substr" "isBizday" "isHoliday" "is.factor" "as.factor" "extractFormattedData" "standardGeneric" "extractFormattedData" 
"unique" ".make_numeric_version" "numeric_version" "as.numeric_version" "Ops.numeric_version" ">=" "timeDate" "standardGeneric" "timeDate" "USNewYearsDay" "holidayNYSE" "substr" "isBizday" "isHoliday" "is.factor" "as.factor" "extractFormattedData" "standardGeneric" "extractFormattedData" 
"anyDuplicated" "initialize" "initialize" "new" ".findNextFromTable" "addNextMethod" "addNextMethod" "callNextMethod" "loadMethod" "loadMethod" "initialize" "new" "timeDate" "standardGeneric" "timeDate" "USNewYearsDay" "holidayNYSE" "substr" "isBizday" "isHoliday" "is.factor" "as.factor" "extractFormattedData" "standardGeneric" "extractFormattedData" 
"strptime" "as.POSIXlt.character" "as.POSIXlt" "as.POSIXct" "as.POSIXct.default" "as.POSIXct" "as.POSIXct.numeric" "as.POSIXct" "format" "format.timeDate" "format" "as.character.timeDate" "as.character" "as.character" "holidayNYSE" "substr" "isBizday" "isHoliday" "is.factor" "as.factor" "extractFormattedData" "standardGeneric" "extractFormattedData" 
"structure" ".POSIXct" "+.POSIXt" "as.POSIXct.numeric" "as.POSIXct" "format" "format.timeDate" "format" "as.character.timeDate" "as.character" "as.character" "holidayNYSE" "substr" "isBizday" "isHoliday" "is.factor" "as.factor" "extractFormattedData" "standardGeneric" "extractFormattedData" 
"timeDate" "standardGeneric" "timeDate" "Easter" "USGoodFriday" "holidayNYSE" "substr" "isBizday" "isHoliday" "is.factor" "as.factor" "extractFormattedData" "standardGeneric" "extractFormattedData" 
"parent.frame" "callNextMethod" "initialize" "initialize" "new" "timeDate" "standardGeneric" "timeDate" "USMLKingsBirthday" "holidayNYSE" "substr" "isBizday" "isHoliday" "is.factor" "as.factor" "extractFormattedData" "standardGeneric" "extractFormattedData" 
"as.numeric" ".formatFinCenterNum" "format.timeDate" "format" "as.character.timeDate" "as.character" "as.character" "holidayNYSE" "substr" "isBizday" "isHoliday" "is.factor" "as.factor" "extractFormattedData" "standardGeneric" "extractFormattedData" 
".findInheritedMethods" "<Anonymous>" "standardGeneric" "timeDate" "+" "+" "+" "holidayNYSE" "substr" "is